Added Component: Designator=U300(32-QFN (4x4))
Added Pin To Net: NetName=NetC310_2 Pin=U300-1
Added Pin To Net: NetName=HOLD_LDO Pin=U300-2
Added Pin To Net: NetName=SCL Pin=U300-8
Added Pin To Net: NetName=SDA Pin=U300-12
Added Pin To Net: NetName=PMIC_INT Pin=U300-13
Added Pin To Net: NetName=\PB_IN Pin=U300-15
Added Pin To Net: NetName=NetR300_2 Pin=U300-16
Added Pin To Net: NetName=NetC301_1 Pin=U300-17
Added Pin To Net: NetName=NetC301_1 Pin=U300-18
Added Pin To Net: NetName=VSYS Pin=U300-19
Added Pin To Net: NetName=VSYS Pin=U300-20
Added Pin To Net: NetName=VBATT Pin=U300-21
Added Pin To Net: NetName=VBATT Pin=U300-22
Added Pin To Net: NetName=NetL300_1 Pin=U300-23
Added Pin To Net: NetName=GND Pin=U300-24
Added Pin To Net: NetName=HOLD_DCDC Pin=U300-25
Added Pin To Net: NetName=NetC303_2 Pin=U300-26
Added Pin To Net: NetName=NetRT300_1 Pin=U300-27
Added Pin To Net: NetName=GND Pin=U300-28
Added Pin To Net: NetName=GND Pin=U300-29
Added Pin To Net: NetName=3V3 Pin=U300-30
Added Pin To Net: NetName=1V8 Pin=U300-31
Added Pin To Net: NetName=GND Pin=U300-33
Added Member To Class: ClassName=Power Supplies Member=Component U300 TPS65721
Added Room: Name=Interfaces
Added Room: Name=Power Supplies
Added Room: Name=Top
